<?xml version="1.0" encoding="UTF-8"?>
<testng-results skipped="0" failed="0" total="1" passed="1">
  <reporter-output>
  </reporter-output>
  <suite name="Default suite" duration-ms="16772" started-at="2016-06-17T04:47:07Z" finished-at="2016-06-17T04:47:24Z">
    <groups>
    </groups>
    <test name="Default test" duration-ms="16772" started-at="2016-06-17T04:47:07Z" finished-at="2016-06-17T04:47:24Z">
      <class name="samplemaven.FirefoxDriverScript">
        <test-method status="PASS" signature="beforeClass()[pri:0, instance:samplemaven.FirefoxDriverScript@73b8dc93]" name="beforeClass" is-config="true" duration-ms="11465" started-at="2016-06-17T10:17:07Z" finished-at="2016-06-17T10:17:19Z">
          <reporter-output>
          </reporter-output>
        </test-method> <!-- beforeClass -->
        <test-method status="PASS" signature="f()[pri:0, instance:samplemaven.FirefoxDriverScript@73b8dc93]" name="f" duration-ms="4588" started-at="2016-06-17T10:17:19Z" finished-at="2016-06-17T10:17:23Z">
          <reporter-output>
          </reporter-output>
        </test-method> <!-- f -->
        <test-method status="PASS" signature="afterClass()[pri:0, instance:samplemaven.FirefoxDriverScript@73b8dc93]" name="afterClass" is-config="true" duration-ms="702" started-at="2016-06-17T10:17:23Z" finished-at="2016-06-17T10:17:24Z">
          <reporter-output>
          </reporter-output>
        </test-method> <!-- afterClass -->
      </class> <!-- samplemaven.FirefoxDriverScript -->
    </test> <!-- Default test -->
  </suite> <!-- Default suite -->
</testng-results>
