<?xml version="1.0" encoding="UTF-8"?>
<!-- Generated by org.testng.reporters.JUnitXMLReporter -->
<testsuite hostname="ndasam-PC" name="Test" tests="5" failures="0" timestamp="17 Jun 2016 05:44:18 GMT" time="131.988" errors="0">
  <testcase name="testBasics_Test" time="9.253" classname="samplemaven.Basics_Test"/>
  <testcase name="testDragandDrop" time="19.419" classname="samplemaven.DragandDrop"/>
  <testcase name="testDropdown_Count" time="6.388" classname="samplemaven.Dropdown_Count"/>
  <testcase name="testDisplayed_Test" time="5.919" classname="samplemaven.Displayed_Test"/>
  <testcase name="testCheckbox_Test" time="20.702" classname="samplemaven.Checkbox_Test"/>
</testsuite> <!-- Test -->
